{"/Users/marcelo.barbosa/aprendendo/test-pratic/mobile/src/data/api/api.client.ts": {"path":"/Users/marcelo.barbosa/aprendendo/test-pratic/mobile/src/data/api/api.client.ts","statementMap":{"0":{"start":{"line":14,"column":42},"end":{"line":14,"column":46}},"1":{"start":{"line":15,"column":48},"end":{"line":15,"column":52}},"2":{"start":{"line":18,"column":2},"end":{"line":18,"column":27}},"3":{"start":{"line":21,"column":19},"end":{"line":24,"column":2}},"4":{"start":{"line":26,"column":0},"end":{"line":32,"column":3}},"5":{"start":{"line":27,"column":18},"end":{"line":27,"column":44}},"6":{"start":{"line":28,"column":2},"end":{"line":30,"column":3}},"7":{"start":{"line":29,"column":4},"end":{"line":29,"column":67}},"8":{"start":{"line":31,"column":2},"end":{"line":31,"column":16}},"9":{"start":{"line":34,"column":0},"end":{"line":66,"column":2}},"10":{"start":{"line":35,"column":16},"end":{"line":35,"column":24}},"11":{"start":{"line":37,"column":21},"end":{"line":37,"column":64}},"12":{"start":{"line":38,"column":4},"end":{"line":40,"column":5}},"13":{"start":{"line":39,"column":6},"end":{"line":39,"column":35}},"14":{"start":{"line":42,"column":4},"end":{"line":42,"column":27}},"15":{"start":{"line":44,"column":4},"end":{"line":58,"column":9}},"16":{"start":{"line":45,"column":22},"end":{"line":45,"column":48}},"17":{"start":{"line":46,"column":6},"end":{"line":46,"column":46}},"18":{"start":{"line":46,"column":34},"end":{"line":46,"column":46}},"19":{"start":{"line":47,"column":6},"end":{"line":57,"column":7}},"20":{"start":{"line":48,"column":21},"end":{"line":48,"column":75}},"21":{"start":{"line":49,"column":8},"end":{"line":49,"column":39}},"22":{"start":{"line":50,"column":8},"end":{"line":50,"column":32}},"23":{"start":{"line":52,"column":8},"end":{"line":52,"column":37}},"24":{"start":{"line":53,"column":8},"end":{"line":53,"column":27}},"25":{"start":{"line":54,"column":8},"end":{"line":54,"column":20}},"26":{"start":{"line":56,"column":8},"end":{"line":56,"column":26}},"27":{"start":{"line":60,"column":18},"end":{"line":60,"column":34}},"28":{"start":{"line":61,"column":4},"end":{"line":61,"column":45}},"29":{"start":{"line":61,"column":16},"end":{"line":61,"column":45}},"30":{"start":{"line":63,"column":4},"end":{"line":63,"column":55}},"31":{"start":{"line":64,"column":4},"end":{"line":64,"column":25}}},"fnMap":{"0":{"name":"setUnauthorizedHandler","decl":{"start":{"line":17,"column":16},"end":{"line":17,"column":38}},"loc":{"start":{"line":17,"column":60},"end":{"line":19,"column":1}},"line":17},"1":{"name":"(anonymous_1)","decl":{"start":{"line":26,"column":29},"end":{"line":26,"column":30}},"loc":{"start":{"line":26,"column":47},"end":{"line":32,"column":1}},"line":26},"2":{"name":"(anonymous_2)","decl":{"start":{"line":35,"column":2},"end":{"line":35,"column":3}},"loc":{"start":{"line":35,"column":16},"end":{"line":35,"column":24}},"line":35},"3":{"name":"(anonymous_3)","decl":{"start":{"line":36,"column":2},"end":{"line":36,"column":3}},"loc":{"start":{"line":36,"column":31},"end":{"line":65,"column":3}},"line":36},"4":{"name":"(anonymous_4)","decl":{"start":{"line":44,"column":20},"end":{"line":44,"column":21}},"loc":{"start":{"line":44,"column":32},"end":{"line":58,"column":5}},"line":44}},"branchMap":{"0":{"loc":{"start":{"line":22,"column":11},"end":{"line":22,"column":71}},"type":"binary-expr","locations":[{"start":{"line":22,"column":11},"end":{"line":22,"column":42}},{"start":{"line":22,"column":46},"end":{"line":22,"column":71}}],"line":22},"1":{"loc":{"start":{"line":28,"column":2},"end":{"line":30,"column":3}},"type":"if","locations":[{"start":{"line":28,"column":2},"end":{"line":30,"column":3}},{"start":{},"end":{}}],"line":28},"2":{"loc":{"start":{"line":38,"column":4},"end":{"line":40,"column":5}},"type":"if","locations":[{"start":{"line":38,"column":4},"end":{"line":40,"column":5}},{"start":{},"end":{}}],"line":38},"3":{"loc":{"start":{"line":38,"column":8},"end":{"line":38,"column":70}},"type":"binary-expr","locations":[{"start":{"line":38,"column":8},"end":{"line":38,"column":38}},{"start":{"line":38,"column":42},"end":{"line":38,"column":51}},{"start":{"line":38,"column":55},"end":{"line":38,"column":70}}],"line":38},"4":{"loc":{"start":{"line":46,"column":6},"end":{"line":46,"column":46}},"type":"if","locations":[{"start":{"line":46,"column":6},"end":{"line":46,"column":46}},{"start":{},"end":{}}],"line":46},"5":{"loc":{"start":{"line":61,"column":4},"end":{"line":61,"column":45}},"type":"if","locations":[{"start":{"line":61,"column":4},"end":{"line":61,"column":45}},{"start":{},"end":{}}],"line":61}},"s":{"0":20,"1":20,"2":1,"3":20,"4":20,"5":2,"6":2,"7":1,"8":2,"9":20,"10":0,"11":0,"12":0,"13":0,"14":0,"15":0,"16":0,"17":0,"18":0,"19":0,"20":0,"21":0,"22":0,"23":0,"24":0,"25":0,"26":0,"27":0,"28":0,"29":0,"30":0,"31":0},"f":{"0":1,"1":2,"2":0,"3":0,"4":0},"b":{"0":[20,20],"1":[1,1],"2":[0,0],"3":[0,0,0],"4":[0,0],"5":[0,0]},"_coverageSchema":"1a1c01bbd47fc00a2c39e90264f33305004495a9","hash":"ccce88f715c8d96516408c9d1a974f207999fc6d"}
,"/Users/marcelo.barbosa/aprendendo/test-pratic/mobile/src/data/auth/auth-http.repository.ts": {"path":"/Users/marcelo.barbosa/aprendendo/test-pratic/mobile/src/data/auth/auth-http.repository.ts","statementMap":{"0":{"start":{"line":7,"column":4},"end":{"line":31,"column":5}},"1":{"start":{"line":8,"column":23},"end":{"line":15,"column":8}},"2":{"start":{"line":17,"column":6},"end":{"line":21,"column":8}},"3":{"start":{"line":23,"column":6},"end":{"line":25,"column":7}},"4":{"start":{"line":24,"column":8},"end":{"line":24,"column":53}},"5":{"start":{"line":26,"column":6},"end":{"line":28,"column":7}},"6":{"start":{"line":27,"column":8},"end":{"line":27,"column":61}},"7":{"start":{"line":30,"column":6},"end":{"line":30,"column":77}},"8":{"start":{"line":35,"column":4},"end":{"line":56,"column":5}},"9":{"start":{"line":36,"column":23},"end":{"line":44,"column":8}},"10":{"start":{"line":46,"column":6},"end":{"line":50,"column":8}},"11":{"start":{"line":52,"column":6},"end":{"line":54,"column":7}},"12":{"start":{"line":53,"column":8},"end":{"line":53,"column":53}},"13":{"start":{"line":55,"column":6},"end":{"line":55,"column":83}},"14":{"start":{"line":60,"column":4},"end":{"line":64,"column":6}},"15":{"start":{"line":68,"column":4},"end":{"line":78,"column":5}},"16":{"start":{"line":69,"column":23},"end":{"line":71,"column":8}},"17":{"start":{"line":72,"column":6},"end":{"line":75,"column":8}},"18":{"start":{"line":77,"column":6},"end":{"line":77,"column":64}},"19":{"start":{"line":82,"column":34},"end":{"line":82,"column":58}}},"fnMap":{"0":{"name":"(anonymous_0)","decl":{"start":{"line":6,"column":2},"end":{"line":6,"column":3}},"loc":{"start":{"line":6,"column":55},"end":{"line":32,"column":3}},"line":6},"1":{"name":"(anonymous_1)","decl":{"start":{"line":34,"column":2},"end":{"line":34,"column":3}},"loc":{"start":{"line":34,"column":98},"end":{"line":57,"column":3}},"line":34},"2":{"name":"(anonymous_2)","decl":{"start":{"line":59,"column":2},"end":{"line":59,"column":3}},"loc":{"start":{"line":59,"column":60},"end":{"line":65,"column":3}},"line":59},"3":{"name":"(anonymous_3)","decl":{"start":{"line":67,"column":2},"end":{"line":67,"column":3}},"loc":{"start":{"line":67,"column":72},"end":{"line":79,"column":3}},"line":67}},"branchMap":{"0":{"loc":{"start":{"line":23,"column":6},"end":{"line":25,"column":7}},"type":"if","locations":[{"start":{"line":23,"column":6},"end":{"line":25,"column":7}},{"start":{},"end":{}}],"line":23},"1":{"loc":{"start":{"line":26,"column":6},"end":{"line":28,"column":7}},"type":"if","locations":[{"start":{"line":26,"column":6},"end":{"line":28,"column":7}},{"start":{},"end":{}}],"line":26},"2":{"loc":{"start":{"line":41,"column":14},"end":{"line":41,"column":37}},"type":"binary-expr","locations":[{"start":{"line":41,"column":14},"end":{"line":41,"column":24}},{"start":{"line":41,"column":28},"end":{"line":41,"column":37}}],"line":41},"3":{"loc":{"start":{"line":52,"column":6},"end":{"line":54,"column":7}},"type":"if","locations":[{"start":{"line":52,"column":6},"end":{"line":54,"column":7}},{"start":{},"end":{}}],"line":52}},"s":{"0":4,"1":4,"2":1,"3":3,"4":1,"5":2,"6":1,"7":1,"8":3,"9":3,"10":2,"11":1,"12":0,"13":1,"14":1,"15":2,"16":2,"17":1,"18":1,"19":21},"f":{"0":4,"1":3,"2":1,"3":2},"b":{"0":[1,2],"1":[1,1],"2":[3,2],"3":[0,1]},"_coverageSchema":"1a1c01bbd47fc00a2c39e90264f33305004495a9","hash":"31c34bc9f02388c9955af9f55f6a6b64d2a51fc2"}
,"/Users/marcelo.barbosa/aprendendo/test-pratic/mobile/src/data/market/market-http.repository.ts": {"path":"/Users/marcelo.barbosa/aprendendo/test-pratic/mobile/src/data/market/market-http.repository.ts","statementMap":{"0":{"start":{"line":5,"column":19},"end":{"line":5,"column":27}},"1":{"start":{"line":6,"column":17},"end":{"line":6,"column":22}},"2":{"start":{"line":10,"column":4},"end":{"line":24,"column":5}},"3":{"start":{"line":11,"column":23},"end":{"line":11,"column":71}},"4":{"start":{"line":12,"column":6},"end":{"line":12,"column":27}},"5":{"start":{"line":15,"column":20},"end":{"line":15,"column":48}},"6":{"start":{"line":16,"column":6},"end":{"line":16,"column":104}},"7":{"start":{"line":17,"column":6},"end":{"line":17,"column":86}},"8":{"start":{"line":19,"column":6},"end":{"line":23,"column":8}},"9":{"start":{"line":28,"column":36},"end":{"line":28,"column":62}}},"fnMap":{"0":{"name":"(anonymous_0)","decl":{"start":{"line":9,"column":2},"end":{"line":9,"column":3}},"loc":{"start":{"line":9,"column":47},"end":{"line":25,"column":3}},"line":9}},"branchMap":{},"s":{"0":4,"1":4,"2":2,"3":2,"4":1,"5":1,"6":1,"7":1,"8":1,"9":4},"f":{"0":2},"b":{},"_coverageSchema":"1a1c01bbd47fc00a2c39e90264f33305004495a9","hash":"8a9ed54a8765d4c3c4c2a1a6c3e0d51d85ccad26"}
,"/Users/marcelo.barbosa/aprendendo/test-pratic/mobile/src/data/storage/storage.service.ts": {"path":"/Users/marcelo.barbosa/aprendendo/test-pratic/mobile/src/data/storage/storage.service.ts","statementMap":{"0":{"start":{"line":3,"column":20},"end":{"line":3,"column":42}},"1":{"start":{"line":5,"column":40},"end":{"line":5,"column":44}},"2":{"start":{"line":12,"column":23},"end":{"line":44,"column":1}},"3":{"start":{"line":14,"column":4},"end":{"line":21,"column":5}},"4":{"start":{"line":16,"column":26},"end":{"line":16,"column":59}},"5":{"start":{"line":17,"column":19},"end":{"line":17,"column":62}},"6":{"start":{"line":18,"column":6},"end":{"line":18,"column":40}},"7":{"start":{"line":18,"column":16},"end":{"line":18,"column":40}},"8":{"start":{"line":22,"column":4},"end":{"line":22,"column":25}},"9":{"start":{"line":26,"column":4},"end":{"line":26,"column":28}},"10":{"start":{"line":27,"column":4},"end":{"line":32,"column":5}},"11":{"start":{"line":28,"column":26},"end":{"line":28,"column":59}},"12":{"start":{"line":29,"column":6},"end":{"line":29,"column":75}},"13":{"start":{"line":36,"column":4},"end":{"line":36,"column":25}},"14":{"start":{"line":37,"column":4},"end":{"line":42,"column":5}},"15":{"start":{"line":38,"column":26},"end":{"line":38,"column":59}},"16":{"start":{"line":39,"column":6},"end":{"line":39,"column":53}}},"fnMap":{"0":{"name":"(anonymous_0)","decl":{"start":{"line":13,"column":2},"end":{"line":13,"column":3}},"loc":{"start":{"line":13,"column":50},"end":{"line":23,"column":3}},"line":13},"1":{"name":"(anonymous_1)","decl":{"start":{"line":25,"column":2},"end":{"line":25,"column":3}},"loc":{"start":{"line":25,"column":56},"end":{"line":33,"column":3}},"line":25},"2":{"name":"(anonymous_2)","decl":{"start":{"line":35,"column":2},"end":{"line":35,"column":3}},"loc":{"start":{"line":35,"column":38},"end":{"line":43,"column":3}},"line":35}},"branchMap":{"0":{"loc":{"start":{"line":18,"column":6},"end":{"line":18,"column":40}},"type":"if","locations":[{"start":{"line":18,"column":6},"end":{"line":18,"column":40}},{"start":{},"end":{}}],"line":18}},"s":{"0":21,"1":21,"2":21,"3":3,"4":3,"5":0,"6":0,"7":0,"8":3,"9":2,"10":2,"11":2,"12":0,"13":4,"14":4,"15":4,"16":0},"f":{"0":3,"1":2,"2":4},"b":{"0":[0,0]},"_coverageSchema":"1a1c01bbd47fc00a2c39e90264f33305004495a9","hash":"9ce5c58f43ee12bb195937a1af3f29ce0ee6db57"}
,"/Users/marcelo.barbosa/aprendendo/test-pratic/mobile/src/data/trade/trade-http.repository.ts": {"path":"/Users/marcelo.barbosa/aprendendo/test-pratic/mobile/src/data/trade/trade-http.repository.ts","statementMap":{"0":{"start":{"line":9,"column":21},"end":{"line":9,"column":80}},"1":{"start":{"line":11,"column":4},"end":{"line":87,"column":5}},"2":{"start":{"line":12,"column":23},"end":{"line":21,"column":7}},"3":{"start":{"line":22,"column":6},"end":{"line":22,"column":27}},"4":{"start":{"line":25,"column":28},"end":{"line":25,"column":66}},"5":{"start":{"line":27,"column":6},"end":{"line":86,"column":7}},"6":{"start":{"line":28,"column":24},"end":{"line":28,"column":36}},"7":{"start":{"line":29,"column":8},"end":{"line":31,"column":9}},"8":{"start":{"line":30,"column":10},"end":{"line":30,"column":82}},"9":{"start":{"line":33,"column":28},"end":{"line":33,"column":81}},"10":{"start":{"line":36,"column":8},"end":{"line":36,"column":71}},"11":{"start":{"line":38,"column":36},"end":{"line":45,"column":9}},"12":{"start":{"line":47,"column":8},"end":{"line":54,"column":11}},"13":{"start":{"line":56,"column":8},"end":{"line":56,"column":22}},"14":{"start":{"line":58,"column":26},"end":{"line":58,"column":38}},"15":{"start":{"line":59,"column":8},"end":{"line":61,"column":9}},"16":{"start":{"line":60,"column":10},"end":{"line":60,"column":81}},"17":{"start":{"line":63,"column":27},"end":{"line":63,"column":82}},"18":{"start":{"line":65,"column":8},"end":{"line":65,"column":72}},"19":{"start":{"line":67,"column":36},"end":{"line":74,"column":9}},"20":{"start":{"line":76,"column":8},"end":{"line":83,"column":11}},"21":{"start":{"line":85,"column":8},"end":{"line":85,"column":22}},"22":{"start":{"line":91,"column":35},"end":{"line":91,"column":60}}},"fnMap":{"0":{"name":"(anonymous_0)","decl":{"start":{"line":8,"column":2},"end":{"line":8,"column":3}},"loc":{"start":{"line":8,"column":67},"end":{"line":88,"column":3}},"line":8}},"branchMap":{"0":{"loc":{"start":{"line":9,"column":21},"end":{"line":9,"column":80}},"type":"cond-expr","locations":[{"start":{"line":9,"column":44},"end":{"line":9,"column":60}},{"start":{"line":9,"column":63},"end":{"line":9,"column":80}}],"line":9},"1":{"loc":{"start":{"line":19,"column":19},"end":{"line":19,"column":99}},"type":"cond-expr","locations":[{"start":{"line":19,"column":42},"end":{"line":19,"column":87}},{"start":{"line":19,"column":90},"end":{"line":19,"column":99}}],"line":19},"2":{"loc":{"start":{"line":27,"column":6},"end":{"line":86,"column":7}},"type":"if","locations":[{"start":{"line":27,"column":6},"end":{"line":86,"column":7}},{"start":{"line":57,"column":13},"end":{"line":86,"column":7}}],"line":27},"3":{"loc":{"start":{"line":29,"column":8},"end":{"line":31,"column":9}},"type":"if","locations":[{"start":{"line":29,"column":8},"end":{"line":31,"column":9}},{"start":{},"end":{}}],"line":29},"4":{"loc":{"start":{"line":59,"column":8},"end":{"line":61,"column":9}},"type":"if","locations":[{"start":{"line":59,"column":8},"end":{"line":61,"column":9}},{"start":{},"end":{}}],"line":59}},"s":{"0":6,"1":6,"2":6,"3":2,"4":4,"5":4,"6":2,"7":2,"8":1,"9":1,"10":1,"11":1,"12":1,"13":1,"14":2,"15":2,"16":1,"17":1,"18":1,"19":1,"20":1,"21":1,"22":3},"f":{"0":6},"b":{"0":[3,3],"1":[1,5],"2":[2,2],"3":[1,1],"4":[1,1]},"_coverageSchema":"1a1c01bbd47fc00a2c39e90264f33305004495a9","hash":"5b6da0597e3c92d00b3d1fcb8145fd0d2f5e97ed"}
,"/Users/marcelo.barbosa/aprendendo/test-pratic/mobile/src/data/transactions/transactions-http.repository.ts": {"path":"/Users/marcelo.barbosa/aprendendo/test-pratic/mobile/src/data/transactions/transactions-http.repository.ts","statementMap":{"0":{"start":{"line":5,"column":44},"end":{"line":14,"column":1}},"1":{"start":{"line":18,"column":4},"end":{"line":26,"column":5}},"2":{"start":{"line":19,"column":23},"end":{"line":19,"column":78}},"3":{"start":{"line":20,"column":6},"end":{"line":20,"column":27}},"4":{"start":{"line":23,"column":6},"end":{"line":25,"column":8}},"5":{"start":{"line":24,"column":18},"end":{"line":24,"column":83}},"6":{"start":{"line":30,"column":4},"end":{"line":30,"column":37}},"7":{"start":{"line":34,"column":42},"end":{"line":34,"column":74}}},"fnMap":{"0":{"name":"(anonymous_0)","decl":{"start":{"line":17,"column":2},"end":{"line":17,"column":3}},"loc":{"start":{"line":17,"column":56},"end":{"line":27,"column":3}},"line":17},"1":{"name":"(anonymous_1)","decl":{"start":{"line":24,"column":8},"end":{"line":24,"column":9}},"loc":{"start":{"line":24,"column":18},"end":{"line":24,"column":83}},"line":24},"2":{"name":"(anonymous_2)","decl":{"start":{"line":29,"column":2},"end":{"line":29,"column":3}},"loc":{"start":{"line":29,"column":49},"end":{"line":31,"column":3}},"line":29}},"branchMap":{},"s":{"0":5,"1":2,"2":2,"3":1,"4":1,"5":0,"6":1,"7":5},"f":{"0":2,"1":0,"2":1},"b":{},"_coverageSchema":"1a1c01bbd47fc00a2c39e90264f33305004495a9","hash":"c9c7a7121577db12f97acbfe4b7058c0e8f46383"}
,"/Users/marcelo.barbosa/aprendendo/test-pratic/mobile/src/data/wallet/wallet-http.repository.ts": {"path":"/Users/marcelo.barbosa/aprendendo/test-pratic/mobile/src/data/wallet/wallet-http.repository.ts","statementMap":{"0":{"start":{"line":6,"column":34},"end":{"line":10,"column":1}},"1":{"start":{"line":14,"column":4},"end":{"line":21,"column":5}},"2":{"start":{"line":16,"column":23},"end":{"line":16,"column":63}},"3":{"start":{"line":17,"column":6},"end":{"line":17,"column":27}},"4":{"start":{"line":20,"column":6},"end":{"line":20,"column":29}},"5":{"start":{"line":26,"column":4},"end":{"line":30,"column":6}},"6":{"start":{"line":34,"column":36},"end":{"line":34,"column":62}}},"fnMap":{"0":{"name":"(anonymous_0)","decl":{"start":{"line":13,"column":2},"end":{"line":13,"column":3}},"loc":{"start":{"line":13,"column":41},"end":{"line":22,"column":3}},"line":13},"1":{"name":"(anonymous_1)","decl":{"start":{"line":25,"column":2},"end":{"line":25,"column":3}},"loc":{"start":{"line":25,"column":62},"end":{"line":31,"column":3}},"line":25}},"branchMap":{},"s":{"0":6,"1":2,"2":2,"3":1,"4":1,"5":1,"6":6},"f":{"0":2,"1":1},"b":{},"_coverageSchema":"1a1c01bbd47fc00a2c39e90264f33305004495a9","hash":"cab54c0b7cdea80a7c1f66f0cba4359cfb64723b"}
,"/Users/marcelo.barbosa/aprendendo/test-pratic/mobile/src/domain/market/queries.ts": {"path":"/Users/marcelo.barbosa/aprendendo/test-pratic/mobile/src/domain/market/queries.ts","statementMap":{"0":{"start":{"line":4,"column":36},"end":{"line":4,"column":62}},"1":{"start":{"line":7,"column":2},"end":{"line":12,"column":5}},"2":{"start":{"line":9,"column":19},"end":{"line":9,"column":53}},"3":{"start":{"line":11,"column":39},"end":{"line":11,"column":51}}},"fnMap":{"0":{"name":"useBtcPriceQuery","decl":{"start":{"line":6,"column":16},"end":{"line":6,"column":32}},"loc":{"start":{"line":6,"column":35},"end":{"line":13,"column":1}},"line":6},"1":{"name":"(anonymous_1)","decl":{"start":{"line":9,"column":13},"end":{"line":9,"column":14}},"loc":{"start":{"line":9,"column":19},"end":{"line":9,"column":53}},"line":9},"2":{"name":"(anonymous_2)","decl":{"start":{"line":11,"column":21},"end":{"line":11,"column":22}},"loc":{"start":{"line":11,"column":39},"end":{"line":11,"column":51}},"line":11}},"branchMap":{},"s":{"0":3,"1":2,"2":1,"3":5},"f":{"0":2,"1":1,"2":5},"b":{},"_coverageSchema":"1a1c01bbd47fc00a2c39e90264f33305004495a9","hash":"8e9ffce1ac0545cdaebc8ea7d454e0f77db0755d"}
,"/Users/marcelo.barbosa/aprendendo/test-pratic/mobile/src/domain/trade/queries.ts": {"path":"/Users/marcelo.barbosa/aprendendo/test-pratic/mobile/src/domain/trade/queries.ts","statementMap":{"0":{"start":{"line":8,"column":22},"end":{"line":8,"column":38}},"1":{"start":{"line":10,"column":2},"end":{"line":17,"column":5}},"2":{"start":{"line":11,"column":44},"end":{"line":11,"column":83}},"3":{"start":{"line":14,"column":6},"end":{"line":14,"column":73}},"4":{"start":{"line":15,"column":6},"end":{"line":15,"column":79}}},"fnMap":{"0":{"name":"useExecuteTradeMutation","decl":{"start":{"line":7,"column":16},"end":{"line":7,"column":39}},"loc":{"start":{"line":7,"column":42},"end":{"line":18,"column":1}},"line":7},"1":{"name":"(anonymous_1)","decl":{"start":{"line":11,"column":16},"end":{"line":11,"column":17}},"loc":{"start":{"line":11,"column":44},"end":{"line":11,"column":83}},"line":11},"2":{"name":"(anonymous_2)","decl":{"start":{"line":12,"column":15},"end":{"line":12,"column":16}},"loc":{"start":{"line":12,"column":21},"end":{"line":16,"column":5}},"line":12}},"branchMap":{},"s":{"0":2,"1":2,"2":1,"3":1,"4":1},"f":{"0":2,"1":1,"2":1},"b":{},"_coverageSchema":"1a1c01bbd47fc00a2c39e90264f33305004495a9","hash":"b860e6a98cdce7d34623e2c20051ee6e2dd04c73"}
,"/Users/marcelo.barbosa/aprendendo/test-pratic/mobile/src/domain/transactions/queries.ts": {"path":"/Users/marcelo.barbosa/aprendendo/test-pratic/mobile/src/domain/transactions/queries.ts","statementMap":{"0":{"start":{"line":4,"column":38},"end":{"line":4,"column":63}},"1":{"start":{"line":7,"column":2},"end":{"line":11,"column":5}},"2":{"start":{"line":9,"column":19},"end":{"line":9,"column":63}}},"fnMap":{"0":{"name":"useTransactionsQuery","decl":{"start":{"line":6,"column":16},"end":{"line":6,"column":36}},"loc":{"start":{"line":6,"column":39},"end":{"line":12,"column":1}},"line":6},"1":{"name":"(anonymous_1)","decl":{"start":{"line":9,"column":13},"end":{"line":9,"column":14}},"loc":{"start":{"line":9,"column":19},"end":{"line":9,"column":63}},"line":9}},"branchMap":{},"s":{"0":3,"1":2,"2":1},"f":{"0":2,"1":1},"b":{},"_coverageSchema":"1a1c01bbd47fc00a2c39e90264f33305004495a9","hash":"f7cb00ffba6eca808676da75b072fddeaa63c1f6"}
,"/Users/marcelo.barbosa/aprendendo/test-pratic/mobile/src/domain/wallet/queries.ts": {"path":"/Users/marcelo.barbosa/aprendendo/test-pratic/mobile/src/domain/wallet/queries.ts","statementMap":{"0":{"start":{"line":4,"column":32},"end":{"line":4,"column":51}},"1":{"start":{"line":7,"column":2},"end":{"line":11,"column":5}},"2":{"start":{"line":9,"column":19},"end":{"line":9,"column":51}}},"fnMap":{"0":{"name":"useWalletQuery","decl":{"start":{"line":6,"column":16},"end":{"line":6,"column":30}},"loc":{"start":{"line":6,"column":33},"end":{"line":12,"column":1}},"line":6},"1":{"name":"(anonymous_1)","decl":{"start":{"line":9,"column":13},"end":{"line":9,"column":14}},"loc":{"start":{"line":9,"column":19},"end":{"line":9,"column":51}},"line":9}},"branchMap":{},"s":{"0":3,"1":2,"2":1},"f":{"0":2,"1":1},"b":{},"_coverageSchema":"1a1c01bbd47fc00a2c39e90264f33305004495a9","hash":"59d2229b5b4e6c11902478c68f265c0feb2c5291"}
,"/Users/marcelo.barbosa/aprendendo/test-pratic/mobile/src/presentation/components/balance-card.tsx": {"path":"/Users/marcelo.barbosa/aprendendo/test-pratic/mobile/src/presentation/components/balance-card.tsx","statementMap":{"0":{"start":{"line":11,"column":20},"end":{"line":12,"column":78}},"1":{"start":{"line":12,"column":4},"end":{"line":12,"column":78}},"2":{"start":{"line":14,"column":2},"end":{"line":34,"column":4}},"3":{"start":{"line":37,"column":15},"end":{"line":92,"column":2}}},"fnMap":{"0":{"name":"BalanceCard","decl":{"start":{"line":10,"column":16},"end":{"line":10,"column":27}},"loc":{"start":{"line":10,"column":69},"end":{"line":35,"column":1}},"line":10},"1":{"name":"(anonymous_1)","decl":{"start":{"line":11,"column":20},"end":{"line":11,"column":21}},"loc":{"start":{"line":12,"column":4},"end":{"line":12,"column":78}},"line":12}},"branchMap":{"0":{"loc":{"start":{"line":12,"column":5},"end":{"line":12,"column":13}},"type":"binary-expr","locations":[{"start":{"line":12,"column":5},"end":{"line":12,"column":8}},{"start":{"line":12,"column":12},"end":{"line":12,"column":13}}],"line":12},"1":{"loc":{"start":{"line":22,"column":13},"end":{"line":22,"column":76}},"type":"cond-expr","locations":[{"start":{"line":22,"column":25},"end":{"line":22,"column":40}},{"start":{"line":22,"column":43},"end":{"line":22,"column":76}}],"line":22},"2":{"loc":{"start":{"line":29,"column":13},"end":{"line":29,"column":84}},"type":"cond-expr","locations":[{"start":{"line":29,"column":25},"end":{"line":29,"column":30}},{"start":{"line":29,"column":33},"end":{"line":29,"column":84}}],"line":29},"3":{"loc":{"start":{"line":29,"column":37},"end":{"line":29,"column":66}},"type":"binary-expr","locations":[{"start":{"line":29,"column":37},"end":{"line":29,"column":61}},{"start":{"line":29,"column":65},"end":{"line":29,"column":66}}],"line":29}},"s":{"0":8,"1":8,"2":8,"3":2},"f":{"0":8,"1":8},"b":{"0":[8,0],"1":[0,8],"2":[0,8],"3":[8,0]},"_coverageSchema":"1a1c01bbd47fc00a2c39e90264f33305004495a9","hash":"6c5f3bb8c8135dcbce3d7465a972d54bebf6f5e4"}
,"/Users/marcelo.barbosa/aprendendo/test-pratic/mobile/src/presentation/components/btc-ticker-banner.tsx": {"path":"/Users/marcelo.barbosa/aprendendo/test-pratic/mobile/src/presentation/components/btc-ticker-banner.tsx","statementMap":{"0":{"start":{"line":11,"column":21},"end":{"line":11,"column":65}},"1":{"start":{"line":12,"column":20},"end":{"line":13,"column":78}},"2":{"start":{"line":13,"column":4},"end":{"line":13,"column":78}},"3":{"start":{"line":15,"column":2},"end":{"line":35,"column":4}},"4":{"start":{"line":38,"column":15},"end":{"line":100,"column":2}}},"fnMap":{"0":{"name":"BtcTickerBanner","decl":{"start":{"line":10,"column":16},"end":{"line":10,"column":31}},"loc":{"start":{"line":10,"column":82},"end":{"line":36,"column":1}},"line":10},"1":{"name":"(anonymous_1)","decl":{"start":{"line":12,"column":20},"end":{"line":12,"column":21}},"loc":{"start":{"line":13,"column":4},"end":{"line":13,"column":78}},"line":13}},"branchMap":{"0":{"loc":{"start":{"line":11,"column":22},"end":{"line":11,"column":59}},"type":"binary-expr","locations":[{"start":{"line":11,"column":22},"end":{"line":11,"column":54}},{"start":{"line":11,"column":58},"end":{"line":11,"column":59}}],"line":11},"1":{"loc":{"start":{"line":13,"column":5},"end":{"line":13,"column":13}},"type":"binary-expr","locations":[{"start":{"line":13,"column":5},"end":{"line":13,"column":8}},{"start":{"line":13,"column":12},"end":{"line":13,"column":13}}],"line":13},"2":{"loc":{"start":{"line":22,"column":36},"end":{"line":22,"column":84}},"type":"cond-expr","locations":[{"start":{"line":22,"column":49},"end":{"line":22,"column":66}},{"start":{"line":22,"column":69},"end":{"line":22,"column":84}}],"line":22},"3":{"loc":{"start":{"line":23,"column":42},"end":{"line":23,"column":88}},"type":"cond-expr","locations":[{"start":{"line":23,"column":55},"end":{"line":23,"column":71}},{"start":{"line":23,"column":74},"end":{"line":23,"column":88}}],"line":23},"4":{"loc":{"start":{"line":24,"column":13},"end":{"line":24,"column":34}},"type":"cond-expr","locations":[{"start":{"line":24,"column":26},"end":{"line":24,"column":29}},{"start":{"line":24,"column":32},"end":{"line":24,"column":34}}],"line":24},"5":{"loc":{"start":{"line":25,"column":13},"end":{"line":25,"column":50}},"type":"binary-expr","locations":[{"start":{"line":25,"column":13},"end":{"line":25,"column":45}},{"start":{"line":25,"column":49},"end":{"line":25,"column":50}}],"line":25},"6":{"loc":{"start":{"line":31,"column":9},"end":{"line":31,"column":66}},"type":"cond-expr","locations":[{"start":{"line":31,"column":21},"end":{"line":31,"column":31}},{"start":{"line":31,"column":34},"end":{"line":31,"column":66}}],"line":31}},"s":{"0":4,"1":4,"2":4,"3":4,"4":1},"f":{"0":4,"1":4},"b":{"0":[4,0],"1":[4,0],"2":[4,0],"3":[4,0],"4":[4,0],"5":[4,0],"6":[0,4]},"_coverageSchema":"1a1c01bbd47fc00a2c39e90264f33305004495a9","hash":"5c008f9ab8c60f8a98b3648c9bc7b3a3e61560ad"}
,"/Users/marcelo.barbosa/aprendendo/test-pratic/mobile/src/presentation/components/trade-form.tsx": {"path":"/Users/marcelo.barbosa/aprendendo/test-pratic/mobile/src/presentation/components/trade-form.tsx","statementMap":{"0":{"start":{"line":22,"column":57},"end":{"line":22,"column":72}},"1":{"start":{"line":24,"column":19},"end":{"line":24,"column":65}},"2":{"start":{"line":25,"column":23},"end":{"line":25,"column":54}},"3":{"start":{"line":29,"column":4},"end":{"line":31,"column":97}},"4":{"start":{"line":34,"column":4},"end":{"line":36,"column":59}},"5":{"start":{"line":38,"column":25},"end":{"line":44,"column":3}},"6":{"start":{"line":39,"column":4},"end":{"line":43,"column":5}},"7":{"start":{"line":40,"column":6},"end":{"line":40,"column":63}},"8":{"start":{"line":42,"column":6},"end":{"line":42,"column":65}},"9":{"start":{"line":46,"column":23},"end":{"line":49,"column":3}},"10":{"start":{"line":47,"column":4},"end":{"line":47,"column":46}},"11":{"start":{"line":47,"column":39},"end":{"line":47,"column":46}},"12":{"start":{"line":48,"column":4},"end":{"line":48,"column":52}},"13":{"start":{"line":51,"column":2},"end":{"line":126,"column":4}},"14":{"start":{"line":57,"column":25},"end":{"line":57,"column":39}},"15":{"start":{"line":67,"column":25},"end":{"line":67,"column":40}},"16":{"start":{"line":129,"column":15},"end":{"line":239,"column":2}}},"fnMap":{"0":{"name":"TradeForm","decl":{"start":{"line":15,"column":16},"end":{"line":15,"column":25}},"loc":{"start":{"line":21,"column":19},"end":{"line":127,"column":1}},"line":21},"1":{"name":"(anonymous_1)","decl":{"start":{"line":38,"column":25},"end":{"line":38,"column":26}},"loc":{"start":{"line":38,"column":31},"end":{"line":44,"column":3}},"line":38},"2":{"name":"(anonymous_2)","decl":{"start":{"line":46,"column":23},"end":{"line":46,"column":24}},"loc":{"start":{"line":46,"column":29},"end":{"line":49,"column":3}},"line":46},"3":{"name":"(anonymous_3)","decl":{"start":{"line":57,"column":19},"end":{"line":57,"column":20}},"loc":{"start":{"line":57,"column":25},"end":{"line":57,"column":39}},"line":57},"4":{"name":"(anonymous_4)","decl":{"start":{"line":67,"column":19},"end":{"line":67,"column":20}},"loc":{"start":{"line":67,"column":25},"end":{"line":67,"column":40}},"line":67}},"branchMap":{"0":{"loc":{"start":{"line":24,"column":19},"end":{"line":24,"column":65}},"type":"binary-expr","locations":[{"start":{"line":24,"column":19},"end":{"line":24,"column":60}},{"start":{"line":24,"column":64},"end":{"line":24,"column":65}}],"line":24},"1":{"loc":{"start":{"line":25,"column":23},"end":{"line":25,"column":54}},"type":"binary-expr","locations":[{"start":{"line":25,"column":23},"end":{"line":25,"column":44}},{"start":{"line":25,"column":48},"end":{"line":25,"column":54}}],"line":25},"2":{"loc":{"start":{"line":29,"column":4},"end":{"line":31,"column":97}},"type":"cond-expr","locations":[{"start":{"line":30,"column":8},"end":{"line":30,"column":53}},{"start":{"line":31,"column":8},"end":{"line":31,"column":97}}],"line":29},"3":{"loc":{"start":{"line":34,"column":4},"end":{"line":36,"column":59}},"type":"cond-expr","locations":[{"start":{"line":35,"column":8},"end":{"line":35,"column":101}},{"start":{"line":36,"column":8},"end":{"line":36,"column":59}}],"line":34},"4":{"loc":{"start":{"line":35,"column":9},"end":{"line":35,"column":36}},"type":"binary-expr","locations":[{"start":{"line":35,"column":9},"end":{"line":35,"column":31}},{"start":{"line":35,"column":35},"end":{"line":35,"column":36}}],"line":35},"5":{"loc":{"start":{"line":36,"column":12},"end":{"line":36,"column":41}},"type":"binary-expr","locations":[{"start":{"line":36,"column":12},"end":{"line":36,"column":36}},{"start":{"line":36,"column":40},"end":{"line":36,"column":41}}],"line":36},"6":{"loc":{"start":{"line":39,"column":4},"end":{"line":43,"column":5}},"type":"if","locations":[{"start":{"line":39,"column":4},"end":{"line":43,"column":5}},{"start":{"line":41,"column":11},"end":{"line":43,"column":5}}],"line":39},"7":{"loc":{"start":{"line":40,"column":22},"end":{"line":40,"column":49}},"type":"binary-expr","locations":[{"start":{"line":40,"column":22},"end":{"line":40,"column":44}},{"start":{"line":40,"column":48},"end":{"line":40,"column":49}}],"line":40},"8":{"loc":{"start":{"line":42,"column":22},"end":{"line":42,"column":51}},"type":"binary-expr","locations":[{"start":{"line":42,"column":22},"end":{"line":42,"column":46}},{"start":{"line":42,"column":50},"end":{"line":42,"column":51}}],"line":42},"9":{"loc":{"start":{"line":47,"column":4},"end":{"line":47,"column":46}},"type":"if","locations":[{"start":{"line":47,"column":4},"end":{"line":47,"column":46}},{"start":{},"end":{}}],"line":47},"10":{"loc":{"start":{"line":47,"column":8},"end":{"line":47,"column":37}},"type":"binary-expr","locations":[{"start":{"line":47,"column":8},"end":{"line":47,"column":21}},{"start":{"line":47,"column":25},"end":{"line":47,"column":37}}],"line":47},"11":{"loc":{"start":{"line":56,"column":36},"end":{"line":56,"column":73}},"type":"binary-expr","locations":[{"start":{"line":56,"column":36},"end":{"line":56,"column":50}},{"start":{"line":56,"column":54},"end":{"line":56,"column":73}}],"line":56},"12":{"loc":{"start":{"line":60,"column":43},"end":{"line":60,"column":84}},"type":"binary-expr","locations":[{"start":{"line":60,"column":43},"end":{"line":60,"column":57}},{"start":{"line":60,"column":61},"end":{"line":60,"column":84}}],"line":60},"13":{"loc":{"start":{"line":66,"column":36},"end":{"line":66,"column":75}},"type":"binary-expr","locations":[{"start":{"line":66,"column":36},"end":{"line":66,"column":51}},{"start":{"line":66,"column":55},"end":{"line":66,"column":75}}],"line":66},"14":{"loc":{"start":{"line":70,"column":43},"end":{"line":70,"column":85}},"type":"binary-expr","locations":[{"start":{"line":70,"column":43},"end":{"line":70,"column":58}},{"start":{"line":70,"column":62},"end":{"line":70,"column":85}}],"line":70},"15":{"loc":{"start":{"line":80,"column":13},"end":{"line":80,"column":84}},"type":"cond-expr","locations":[{"start":{"line":80,"column":30},"end":{"line":80,"column":54}},{"start":{"line":80,"column":57},"end":{"line":80,"column":84}}],"line":80},"16":{"loc":{"start":{"line":90,"column":23},"end":{"line":90,"column":66}},"type":"cond-expr","locations":[{"start":{"line":90,"column":40},"end":{"line":90,"column":52}},{"start":{"line":90,"column":55},"end":{"line":90,"column":66}}],"line":90},"17":{"loc":{"start":{"line":105,"column":7},"end":{"line":105,"column":81}},"type":"cond-expr","locations":[{"start":{"line":105,"column":22},"end":{"line":105,"column":74}},{"start":{"line":105,"column":77},"end":{"line":105,"column":81}}],"line":105},"18":{"loc":{"start":{"line":111,"column":10},"end":{"line":111,"column":69}},"type":"cond-expr","locations":[{"start":{"line":111,"column":27},"end":{"line":111,"column":46}},{"start":{"line":111,"column":49},"end":{"line":111,"column":69}}],"line":111},"19":{"loc":{"start":{"line":112,"column":10},"end":{"line":112,"column":63}},"type":"binary-expr","locations":[{"start":{"line":112,"column":11},"end":{"line":112,"column":24}},{"start":{"line":112,"column":28},"end":{"line":112,"column":40}},{"start":{"line":112,"column":45},"end":{"line":112,"column":63}}],"line":112},"20":{"loc":{"start":{"line":115,"column":18},"end":{"line":115,"column":47}},"type":"binary-expr","locations":[{"start":{"line":115,"column":18},"end":{"line":115,"column":31}},{"start":{"line":115,"column":35},"end":{"line":115,"column":47}}],"line":115},"21":{"loc":{"start":{"line":117,"column":9},"end":{"line":123,"column":9}},"type":"cond-expr","locations":[{"start":{"line":118,"column":10},"end":{"line":118,"column":44}},{"start":{"line":120,"column":10},"end":{"line":122,"column":17}}],"line":117},"22":{"loc":{"start":{"line":121,"column":23},"end":{"line":121,"column":58}},"type":"cond-expr","locations":[{"start":{"line":121,"column":40},"end":{"line":121,"column":48}},{"start":{"line":121,"column":51},"end":{"line":121,"column":58}}],"line":121}},"s":{"0":12,"1":12,"2":12,"3":12,"4":12,"5":12,"6":2,"7":1,"8":1,"9":12,"10":1,"11":0,"12":1,"13":12,"14":0,"15":1,"16":2},"f":{"0":12,"1":2,"2":1,"3":0,"4":1},"b":{"0":[12,9],"1":[12,0],"2":[9,3],"3":[9,3],"4":[9,0],"5":[3,0],"6":[1,1],"7":[1,0],"8":[1,0],"9":[0,1],"10":[1,1],"11":[12,9],"12":[12,9],"13":[12,3],"14":[12,3],"15":[9,3],"16":[9,3],"17":[1,11],"18":[9,3],"19":[12,3,9],"20":[12,3],"21":[0,12],"22":[9,3]},"_coverageSchema":"1a1c01bbd47fc00a2c39e90264f33305004495a9","hash":"619330e1871e3cbc39c944c812c5a39f89bbaf38"}
,"/Users/marcelo.barbosa/aprendendo/test-pratic/mobile/src/presentation/components/transaction-item.tsx": {"path":"/Users/marcelo.barbosa/aprendendo/test-pratic/mobile/src/presentation/components/transaction-item.tsx","statementMap":{"0":{"start":{"line":10,"column":16},"end":{"line":10,"column":42}},"1":{"start":{"line":11,"column":24},"end":{"line":16,"column":4}},"2":{"start":{"line":18,"column":20},"end":{"line":19,"column":71}},"3":{"start":{"line":19,"column":4},"end":{"line":19,"column":71}},"4":{"start":{"line":21,"column":2},"end":{"line":49,"column":4}},"5":{"start":{"line":52,"column":15},"end":{"line":118,"column":2}}},"fnMap":{"0":{"name":"TransactionItem","decl":{"start":{"line":9,"column":16},"end":{"line":9,"column":31}},"loc":{"start":{"line":9,"column":71},"end":{"line":50,"column":1}},"line":9},"1":{"name":"(anonymous_1)","decl":{"start":{"line":18,"column":20},"end":{"line":18,"column":21}},"loc":{"start":{"line":19,"column":4},"end":{"line":19,"column":71}},"line":19}},"branchMap":{"0":{"loc":{"start":{"line":24,"column":36},"end":{"line":24,"column":78}},"type":"cond-expr","locations":[{"start":{"line":24,"column":44},"end":{"line":24,"column":59}},{"start":{"line":24,"column":62},"end":{"line":24,"column":78}}],"line":24},"1":{"loc":{"start":{"line":25,"column":42},"end":{"line":25,"column":82}},"type":"cond-expr","locations":[{"start":{"line":25,"column":50},"end":{"line":25,"column":64}},{"start":{"line":25,"column":67},"end":{"line":25,"column":82}}],"line":25},"2":{"loc":{"start":{"line":26,"column":13},"end":{"line":26,"column":39}},"type":"cond-expr","locations":[{"start":{"line":26,"column":21},"end":{"line":26,"column":29}},{"start":{"line":26,"column":32},"end":{"line":26,"column":39}}],"line":26},"3":{"loc":{"start":{"line":36,"column":41},"end":{"line":36,"column":81}},"type":"cond-expr","locations":[{"start":{"line":36,"column":49},"end":{"line":36,"column":63}},{"start":{"line":36,"column":66},"end":{"line":36,"column":81}}],"line":36},"4":{"loc":{"start":{"line":37,"column":11},"end":{"line":37,"column":28}},"type":"cond-expr","locations":[{"start":{"line":37,"column":19},"end":{"line":37,"column":22}},{"start":{"line":37,"column":25},"end":{"line":37,"column":28}}],"line":37},"5":{"loc":{"start":{"line":42,"column":11},"end":{"line":42,"column":28}},"type":"cond-expr","locations":[{"start":{"line":42,"column":19},"end":{"line":42,"column":22}},{"start":{"line":42,"column":25},"end":{"line":42,"column":28}}],"line":42}},"s":{"0":1,"1":1,"2":1,"3":2,"4":1,"5":1},"f":{"0":1,"1":2},"b":{"0":[1,0],"1":[1,0],"2":[1,0],"3":[1,0],"4":[1,0],"5":[1,0]},"_coverageSchema":"1a1c01bbd47fc00a2c39e90264f33305004495a9","hash":"958ed62b13ab3ada01d33ae0ae07ba8e482da0fa"}
,"/Users/marcelo.barbosa/aprendendo/test-pratic/mobile/src/presentation/screens/auth/sign-in.screen.tsx": {"path":"/Users/marcelo.barbosa/aprendendo/test-pratic/mobile/src/presentation/screens/auth/sign-in.screen.tsx","statementMap":{"0":{"start":{"line":7,"column":28},"end":{"line":7,"column":56}},"1":{"start":{"line":8,"column":34},"end":{"line":8,"column":52}},"2":{"start":{"line":9,"column":32},"end":{"line":9,"column":47}},"3":{"start":{"line":10,"column":28},"end":{"line":10,"column":57}},"4":{"start":{"line":12,"column":17},"end":{"line":12,"column":46}},"5":{"start":{"line":12,"column":37},"end":{"line":12,"column":45}},"6":{"start":{"line":14,"column":23},"end":{"line":29,"column":3}},"7":{"start":{"line":15,"column":4},"end":{"line":18,"column":5}},"8":{"start":{"line":16,"column":6},"end":{"line":16,"column":43}},"9":{"start":{"line":17,"column":6},"end":{"line":17,"column":13}},"10":{"start":{"line":19,"column":4},"end":{"line":19,"column":21}},"11":{"start":{"line":20,"column":4},"end":{"line":20,"column":19}},"12":{"start":{"line":21,"column":4},"end":{"line":28,"column":5}},"13":{"start":{"line":22,"column":6},"end":{"line":22,"column":40}},"14":{"start":{"line":23,"column":6},"end":{"line":23,"column":45}},"15":{"start":{"line":25,"column":6},"end":{"line":25,"column":84}},"16":{"start":{"line":27,"column":6},"end":{"line":27,"column":24}},"17":{"start":{"line":31,"column":2},"end":{"line":77,"column":4}},"18":{"start":{"line":72,"column":41},"end":{"line":72,"column":71}},"19":{"start":{"line":80,"column":15},"end":{"line":156,"column":2}}},"fnMap":{"0":{"name":"SignInScreen","decl":{"start":{"line":6,"column":16},"end":{"line":6,"column":28}},"loc":{"start":{"line":6,"column":31},"end":{"line":78,"column":1}},"line":6},"1":{"name":"(anonymous_1)","decl":{"start":{"line":12,"column":30},"end":{"line":12,"column":31}},"loc":{"start":{"line":12,"column":37},"end":{"line":12,"column":45}},"line":12},"2":{"name":"(anonymous_2)","decl":{"start":{"line":14,"column":23},"end":{"line":14,"column":24}},"loc":{"start":{"line":14,"column":35},"end":{"line":29,"column":3}},"line":14},"3":{"name":"(anonymous_3)","decl":{"start":{"line":72,"column":35},"end":{"line":72,"column":36}},"loc":{"start":{"line":72,"column":41},"end":{"line":72,"column":71}},"line":72}},"branchMap":{"0":{"loc":{"start":{"line":15,"column":4},"end":{"line":18,"column":5}},"type":"if","locations":[{"start":{"line":15,"column":4},"end":{"line":18,"column":5}},{"start":{},"end":{}}],"line":15},"1":{"loc":{"start":{"line":15,"column":8},"end":{"line":15,"column":27}},"type":"binary-expr","locations":[{"start":{"line":15,"column":8},"end":{"line":15,"column":14}},{"start":{"line":15,"column":18},"end":{"line":15,"column":27}}],"line":15},"2":{"loc":{"start":{"line":25,"column":15},"end":{"line":25,"column":82}},"type":"binary-expr","locations":[{"start":{"line":25,"column":15},"end":{"line":25,"column":27}},{"start":{"line":25,"column":31},"end":{"line":25,"column":82}}],"line":25},"3":{"loc":{"start":{"line":37,"column":9},"end":{"line":37,"column":69}},"type":"cond-expr","locations":[{"start":{"line":37,"column":17},"end":{"line":37,"column":62}},{"start":{"line":37,"column":65},"end":{"line":37,"column":69}}],"line":37},"4":{"loc":{"start":{"line":65,"column":11},"end":{"line":69,"column":11}},"type":"cond-expr","locations":[{"start":{"line":66,"column":12},"end":{"line":66,"column":46}},{"start":{"line":68,"column":12},"end":{"line":68,"column":57}}],"line":65}},"s":{"0":10,"1":10,"2":10,"3":10,"4":10,"5":10,"6":10,"7":3,"8":1,"9":1,"10":2,"11":2,"12":2,"13":2,"14":1,"15":1,"16":2,"17":10,"18":0,"19":1},"f":{"0":10,"1":10,"2":3,"3":0},"b":{"0":[1,2],"1":[3,2],"2":[1,0],"3":[2,8],"4":[0,10]},"_coverageSchema":"1a1c01bbd47fc00a2c39e90264f33305004495a9","hash":"cc2406420ec5db0628a580509c3b9c5979ca437e"}
,"/Users/marcelo.barbosa/aprendendo/test-pratic/mobile/src/presentation/screens/auth/sign-up.screen.tsx": {"path":"/Users/marcelo.barbosa/aprendendo/test-pratic/mobile/src/presentation/screens/auth/sign-up.screen.tsx","statementMap":{"0":{"start":{"line":7,"column":28},"end":{"line":7,"column":40}},"1":{"start":{"line":8,"column":34},"end":{"line":8,"column":46}},"2":{"start":{"line":9,"column":32},"end":{"line":9,"column":47}},"3":{"start":{"line":10,"column":28},"end":{"line":10,"column":57}},"4":{"start":{"line":12,"column":17},"end":{"line":12,"column":46}},"5":{"start":{"line":12,"column":37},"end":{"line":12,"column":45}},"6":{"start":{"line":14,"column":23},"end":{"line":29,"column":3}},"7":{"start":{"line":15,"column":4},"end":{"line":18,"column":5}},"8":{"start":{"line":16,"column":6},"end":{"line":16,"column":43}},"9":{"start":{"line":17,"column":6},"end":{"line":17,"column":13}},"10":{"start":{"line":19,"column":4},"end":{"line":19,"column":21}},"11":{"start":{"line":20,"column":4},"end":{"line":20,"column":19}},"12":{"start":{"line":21,"column":4},"end":{"line":28,"column":5}},"13":{"start":{"line":22,"column":6},"end":{"line":22,"column":36}},"14":{"start":{"line":23,"column":6},"end":{"line":23,"column":45}},"15":{"start":{"line":25,"column":6},"end":{"line":25,"column":46}},"16":{"start":{"line":27,"column":6},"end":{"line":27,"column":24}},"17":{"start":{"line":31,"column":2},"end":{"line":77,"column":4}},"18":{"start":{"line":72,"column":41},"end":{"line":72,"column":54}},"19":{"start":{"line":80,"column":15},"end":{"line":156,"column":2}}},"fnMap":{"0":{"name":"SignUpScreen","decl":{"start":{"line":6,"column":16},"end":{"line":6,"column":28}},"loc":{"start":{"line":6,"column":31},"end":{"line":78,"column":1}},"line":6},"1":{"name":"(anonymous_1)","decl":{"start":{"line":12,"column":30},"end":{"line":12,"column":31}},"loc":{"start":{"line":12,"column":37},"end":{"line":12,"column":45}},"line":12},"2":{"name":"(anonymous_2)","decl":{"start":{"line":14,"column":23},"end":{"line":14,"column":24}},"loc":{"start":{"line":14,"column":35},"end":{"line":29,"column":3}},"line":14},"3":{"name":"(anonymous_3)","decl":{"start":{"line":72,"column":35},"end":{"line":72,"column":36}},"loc":{"start":{"line":72,"column":41},"end":{"line":72,"column":54}},"line":72}},"branchMap":{"0":{"loc":{"start":{"line":15,"column":4},"end":{"line":18,"column":5}},"type":"if","locations":[{"start":{"line":15,"column":4},"end":{"line":18,"column":5}},{"start":{},"end":{}}],"line":15},"1":{"loc":{"start":{"line":15,"column":8},"end":{"line":15,"column":27}},"type":"binary-expr","locations":[{"start":{"line":15,"column":8},"end":{"line":15,"column":14}},{"start":{"line":15,"column":18},"end":{"line":15,"column":27}}],"line":15},"2":{"loc":{"start":{"line":37,"column":9},"end":{"line":37,"column":69}},"type":"cond-expr","locations":[{"start":{"line":37,"column":17},"end":{"line":37,"column":62}},{"start":{"line":37,"column":65},"end":{"line":37,"column":69}}],"line":37},"3":{"loc":{"start":{"line":65,"column":11},"end":{"line":69,"column":11}},"type":"cond-expr","locations":[{"start":{"line":66,"column":12},"end":{"line":66,"column":46}},{"start":{"line":68,"column":12},"end":{"line":68,"column":60}}],"line":65}},"s":{"0":10,"1":10,"2":10,"3":10,"4":10,"5":10,"6":10,"7":3,"8":1,"9":1,"10":2,"11":2,"12":2,"13":2,"14":1,"15":1,"16":2,"17":10,"18":1,"19":1},"f":{"0":10,"1":10,"2":3,"3":1},"b":{"0":[1,2],"1":[3,2],"2":[2,8],"3":[0,10]},"_coverageSchema":"1a1c01bbd47fc00a2c39e90264f33305004495a9","hash":"8df513ccf9777b2be196bdd5bda7fbd34ac82f31"}
,"/Users/marcelo.barbosa/aprendendo/test-pratic/mobile/src/presentation/screens/dashboard/dashboard.screen.tsx": {"path":"/Users/marcelo.barbosa/aprendendo/test-pratic/mobile/src/presentation/screens/dashboard/dashboard.screen.tsx","statementMap":{"0":{"start":{"line":11,"column":55},"end":{"line":11,"column":71}},"1":{"start":{"line":12,"column":60},"end":{"line":12,"column":78}},"2":{"start":{"line":14,"column":15},"end":{"line":14,"column":42}},"3":{"start":{"line":14,"column":35},"end":{"line":14,"column":41}},"4":{"start":{"line":15,"column":18},"end":{"line":15,"column":48}},"5":{"start":{"line":15,"column":38},"end":{"line":15,"column":47}},"6":{"start":{"line":17,"column":24},"end":{"line":20,"column":3}},"7":{"start":{"line":18,"column":4},"end":{"line":18,"column":20}},"8":{"start":{"line":19,"column":4},"end":{"line":19,"column":38}},"9":{"start":{"line":22,"column":2},"end":{"line":63,"column":4}},"10":{"start":{"line":47,"column":27},"end":{"line":47,"column":58}},"11":{"start":{"line":55,"column":27},"end":{"line":55,"column":65}},"12":{"start":{"line":66,"column":15},"end":{"line":135,"column":2}}},"fnMap":{"0":{"name":"DashboardScreen","decl":{"start":{"line":10,"column":16},"end":{"line":10,"column":31}},"loc":{"start":{"line":10,"column":34},"end":{"line":64,"column":1}},"line":10},"1":{"name":"(anonymous_1)","decl":{"start":{"line":14,"column":28},"end":{"line":14,"column":29}},"loc":{"start":{"line":14,"column":35},"end":{"line":14,"column":41}},"line":14},"2":{"name":"(anonymous_2)","decl":{"start":{"line":15,"column":31},"end":{"line":15,"column":32}},"loc":{"start":{"line":15,"column":38},"end":{"line":15,"column":47}},"line":15},"3":{"name":"(anonymous_3)","decl":{"start":{"line":17,"column":24},"end":{"line":17,"column":25}},"loc":{"start":{"line":17,"column":36},"end":{"line":20,"column":3}},"line":17},"4":{"name":"(anonymous_4)","decl":{"start":{"line":47,"column":21},"end":{"line":47,"column":22}},"loc":{"start":{"line":47,"column":27},"end":{"line":47,"column":58}},"line":47},"5":{"name":"(anonymous_5)","decl":{"start":{"line":55,"column":21},"end":{"line":55,"column":22}},"loc":{"start":{"line":55,"column":27},"end":{"line":55,"column":65}},"line":55}},"branchMap":{"0":{"loc":{"start":{"line":28,"column":42},"end":{"line":28,"column":75}},"type":"binary-expr","locations":[{"start":{"line":28,"column":42},"end":{"line":28,"column":53}},{"start":{"line":28,"column":57},"end":{"line":28,"column":75}}],"line":28}},"s":{"0":4,"1":4,"2":4,"3":4,"4":4,"5":4,"6":4,"7":1,"8":1,"9":4,"10":1,"11":1,"12":1},"f":{"0":4,"1":4,"2":4,"3":1,"4":1,"5":1},"b":{"0":[4,0]},"_coverageSchema":"1a1c01bbd47fc00a2c39e90264f33305004495a9","hash":"c3b8ebc41172907e9f9faebfbfbee8332e0de14a"}
,"/Users/marcelo.barbosa/aprendendo/test-pratic/mobile/src/presentation/screens/trade/trade.screen.tsx": {"path":"/Users/marcelo.barbosa/aprendendo/test-pratic/mobile/src/presentation/screens/trade/trade.screen.tsx","statementMap":{"0":{"start":{"line":12,"column":27},"end":{"line":12,"column":43}},"1":{"start":{"line":13,"column":32},"end":{"line":13,"column":50}},"2":{"start":{"line":14,"column":24},"end":{"line":14,"column":39}},"3":{"start":{"line":16,"column":34},"end":{"line":18,"column":3}},"4":{"start":{"line":20,"column":24},"end":{"line":20,"column":49}},"5":{"start":{"line":22,"column":28},"end":{"line":52,"column":3}},"6":{"start":{"line":23,"column":4},"end":{"line":23,"column":22}},"7":{"start":{"line":25,"column":25},"end":{"line":25,"column":56}},"8":{"start":{"line":26,"column":27},"end":{"line":26,"column":71}},"9":{"start":{"line":28,"column":4},"end":{"line":51,"column":6}},"10":{"start":{"line":37,"column":10},"end":{"line":37,"column":22}},"11":{"start":{"line":38,"column":29},"end":{"line":38,"column":64}},"12":{"start":{"line":39,"column":10},"end":{"line":42,"column":13}},"13":{"start":{"line":45,"column":10},"end":{"line":48,"column":13}},"14":{"start":{"line":54,"column":2},"end":{"line":90,"column":4}},"15":{"start":{"line":57,"column":64},"end":{"line":57,"column":77}},"16":{"start":{"line":93,"column":15},"end":{"line":145,"column":2}}},"fnMap":{"0":{"name":"TradeScreen","decl":{"start":{"line":11,"column":16},"end":{"line":11,"column":27}},"loc":{"start":{"line":11,"column":30},"end":{"line":91,"column":1}},"line":11},"1":{"name":"(anonymous_1)","decl":{"start":{"line":22,"column":28},"end":{"line":22,"column":29}},"loc":{"start":{"line":22,"column":92},"end":{"line":52,"column":3}},"line":22},"2":{"name":"(anonymous_2)","decl":{"start":{"line":36,"column":19},"end":{"line":36,"column":20}},"loc":{"start":{"line":36,"column":29},"end":{"line":43,"column":9}},"line":36},"3":{"name":"(anonymous_3)","decl":{"start":{"line":44,"column":17},"end":{"line":44,"column":18}},"loc":{"start":{"line":44,"column":31},"end":{"line":49,"column":9}},"line":44},"4":{"name":"(anonymous_4)","decl":{"start":{"line":57,"column":58},"end":{"line":57,"column":59}},"loc":{"start":{"line":57,"column":64},"end":{"line":57,"column":77}},"line":57}},"branchMap":{"0":{"loc":{"start":{"line":25,"column":25},"end":{"line":25,"column":56}},"type":"binary-expr","locations":[{"start":{"line":25,"column":25},"end":{"line":25,"column":46}},{"start":{"line":25,"column":50},"end":{"line":25,"column":56}}],"line":25},"1":{"loc":{"start":{"line":38,"column":29},"end":{"line":38,"column":64}},"type":"cond-expr","locations":[{"start":{"line":38,"column":46},"end":{"line":38,"column":54}},{"start":{"line":38,"column":57},"end":{"line":38,"column":64}}],"line":38},"2":{"loc":{"start":{"line":47,"column":18},"end":{"line":47,"column":70}},"type":"binary-expr","locations":[{"start":{"line":47,"column":18},"end":{"line":47,"column":30}},{"start":{"line":47,"column":34},"end":{"line":47,"column":70}}],"line":47},"3":{"loc":{"start":{"line":65,"column":7},"end":{"line":81,"column":14}},"type":"cond-expr","locations":[{"start":{"line":66,"column":8},"end":{"line":80,"column":15}},{"start":{"line":81,"column":10},"end":{"line":81,"column":14}}],"line":65},"4":{"loc":{"start":{"line":69,"column":12},"end":{"line":69,"column":87}},"type":"cond-expr","locations":[{"start":{"line":69,"column":42},"end":{"line":69,"column":64}},{"start":{"line":69,"column":67},"end":{"line":69,"column":87}}],"line":69},"5":{"loc":{"start":{"line":75,"column":14},"end":{"line":75,"column":81}},"type":"cond-expr","locations":[{"start":{"line":75,"column":44},"end":{"line":75,"column":62}},{"start":{"line":75,"column":65},"end":{"line":75,"column":81}}],"line":75}},"s":{"0":5,"1":5,"2":5,"3":5,"4":5,"5":5,"6":1,"7":1,"8":1,"9":1,"10":0,"11":0,"12":0,"13":0,"14":5,"15":1,"16":1},"f":{"0":5,"1":1,"2":0,"3":0,"4":1},"b":{"0":[1,0],"1":[0,0],"2":[0,0],"3":[0,5],"4":[0,0],"5":[0,0]},"_coverageSchema":"1a1c01bbd47fc00a2c39e90264f33305004495a9","hash":"dc7bfa512992947065da2f42d6bf58fca7d968f8"}
,"/Users/marcelo.barbosa/aprendendo/test-pratic/mobile/src/presentation/screens/transactions/transactions.screen.tsx": {"path":"/Users/marcelo.barbosa/aprendendo/test-pratic/mobile/src/presentation/screens/transactions/transactions.screen.tsx","statementMap":{"0":{"start":{"line":8,"column":67},"end":{"line":8,"column":89}},"1":{"start":{"line":10,"column":2},"end":{"line":39,"column":4}},"2":{"start":{"line":13,"column":41},"end":{"line":13,"column":54}},"3":{"start":{"line":26,"column":34},"end":{"line":26,"column":41}},"4":{"start":{"line":27,"column":36},"end":{"line":27,"column":74}},"5":{"start":{"line":42,"column":15},"end":{"line":80,"column":2}}},"fnMap":{"0":{"name":"TransactionsScreen","decl":{"start":{"line":7,"column":16},"end":{"line":7,"column":34}},"loc":{"start":{"line":7,"column":37},"end":{"line":40,"column":1}},"line":7},"1":{"name":"(anonymous_1)","decl":{"start":{"line":13,"column":35},"end":{"line":13,"column":36}},"loc":{"start":{"line":13,"column":41},"end":{"line":13,"column":54}},"line":13},"2":{"name":"(anonymous_2)","decl":{"start":{"line":26,"column":24},"end":{"line":26,"column":25}},"loc":{"start":{"line":26,"column":34},"end":{"line":26,"column":41}},"line":26},"3":{"name":"(anonymous_3)","decl":{"start":{"line":27,"column":22},"end":{"line":27,"column":23}},"loc":{"start":{"line":27,"column":36},"end":{"line":27,"column":74}},"line":27}},"branchMap":{"0":{"loc":{"start":{"line":19,"column":7},"end":{"line":37,"column":7}},"type":"cond-expr","locations":[{"start":{"line":20,"column":8},"end":{"line":22,"column":15}},{"start":{"line":24,"column":8},"end":{"line":36,"column":10}}],"line":19}},"s":{"0":3,"1":3,"2":1,"3":2,"4":1,"5":1},"f":{"0":3,"1":1,"2":2,"3":1},"b":{"0":[0,3]},"_coverageSchema":"1a1c01bbd47fc00a2c39e90264f33305004495a9","hash":"932439089e4fe12af562fb0f16d212e5ec4cc6bd"}
,"/Users/marcelo.barbosa/aprendendo/test-pratic/mobile/src/presentation/stores/auth.store.ts": {"path":"/Users/marcelo.barbosa/aprendendo/test-pratic/mobile/src/presentation/stores/auth.store.ts","statementMap":{"0":{"start":{"line":21,"column":28},"end":{"line":58,"column":3}},"1":{"start":{"line":21,"column":61},"end":{"line":58,"column":1}},"2":{"start":{"line":27,"column":20},"end":{"line":27,"column":46}},"3":{"start":{"line":28,"column":4},"end":{"line":36,"column":5}},"4":{"start":{"line":29,"column":6},"end":{"line":35,"column":7}},"5":{"start":{"line":30,"column":21},"end":{"line":30,"column":69}},"6":{"start":{"line":31,"column":8},"end":{"line":31,"column":47}},"7":{"start":{"line":32,"column":8},"end":{"line":32,"column":15}},"8":{"start":{"line":34,"column":8},"end":{"line":34,"column":37}},"9":{"start":{"line":37,"column":4},"end":{"line":37,"column":55}},"10":{"start":{"line":41,"column":20},"end":{"line":41,"column":57}},"11":{"start":{"line":42,"column":4},"end":{"line":42,"column":38}},"12":{"start":{"line":43,"column":17},"end":{"line":43,"column":65}},"13":{"start":{"line":44,"column":4},"end":{"line":44,"column":27}},"14":{"start":{"line":48,"column":20},"end":{"line":48,"column":74}},"15":{"start":{"line":49,"column":4},"end":{"line":49,"column":38}},"16":{"start":{"line":50,"column":17},"end":{"line":50,"column":46}},"17":{"start":{"line":51,"column":4},"end":{"line":51,"column":27}},"18":{"start":{"line":55,"column":4},"end":{"line":55,"column":33}},"19":{"start":{"line":56,"column":4},"end":{"line":56,"column":39}}},"fnMap":{"0":{"name":"(anonymous_0)","decl":{"start":{"line":21,"column":46},"end":{"line":21,"column":47}},"loc":{"start":{"line":21,"column":61},"end":{"line":58,"column":1}},"line":21},"1":{"name":"(anonymous_1)","decl":{"start":{"line":26,"column":2},"end":{"line":26,"column":3}},"loc":{"start":{"line":26,"column":18},"end":{"line":38,"column":3}},"line":26},"2":{"name":"(anonymous_2)","decl":{"start":{"line":40,"column":2},"end":{"line":40,"column":3}},"loc":{"start":{"line":40,"column":22},"end":{"line":45,"column":3}},"line":40},"3":{"name":"(anonymous_3)","decl":{"start":{"line":47,"column":2},"end":{"line":47,"column":3}},"loc":{"start":{"line":47,"column":32},"end":{"line":52,"column":3}},"line":47},"4":{"name":"(anonymous_4)","decl":{"start":{"line":54,"column":2},"end":{"line":54,"column":3}},"loc":{"start":{"line":54,"column":18},"end":{"line":57,"column":3}},"line":54}},"branchMap":{"0":{"loc":{"start":{"line":28,"column":4},"end":{"line":36,"column":5}},"type":"if","locations":[{"start":{"line":28,"column":4},"end":{"line":36,"column":5}},{"start":{},"end":{}}],"line":28}},"s":{"0":4,"1":4,"2":2,"3":2,"4":2,"5":2,"6":1,"7":1,"8":1,"9":1,"10":1,"11":1,"12":1,"13":1,"14":1,"15":1,"16":1,"17":1,"18":1,"19":1},"f":{"0":4,"1":2,"2":1,"3":1,"4":1},"b":{"0":[2,0]},"_coverageSchema":"1a1c01bbd47fc00a2c39e90264f33305004495a9","hash":"0ec5921ea782bab7317d4660f1ef9d80c42cf580"}
,"/Users/marcelo.barbosa/aprendendo/test-pratic/mobile/src/presentation/stores/trade.store.ts": {"path":"/Users/marcelo.barbosa/aprendendo/test-pratic/mobile/src/presentation/stores/trade.store.ts","statementMap":{"0":{"start":{"line":12,"column":29},"end":{"line":18,"column":3}},"1":{"start":{"line":12,"column":60},"end":{"line":18,"column":1}},"2":{"start":{"line":15,"column":21},"end":{"line":15,"column":51}},"3":{"start":{"line":16,"column":35},"end":{"line":16,"column":55}},"4":{"start":{"line":17,"column":19},"end":{"line":17,"column":43}}},"fnMap":{"0":{"name":"(anonymous_0)","decl":{"start":{"line":12,"column":50},"end":{"line":12,"column":51}},"loc":{"start":{"line":12,"column":60},"end":{"line":18,"column":1}},"line":12},"1":{"name":"(anonymous_1)","decl":{"start":{"line":15,"column":11},"end":{"line":15,"column":12}},"loc":{"start":{"line":15,"column":21},"end":{"line":15,"column":51}},"line":15},"2":{"name":"(anonymous_2)","decl":{"start":{"line":16,"column":18},"end":{"line":16,"column":19}},"loc":{"start":{"line":16,"column":35},"end":{"line":16,"column":55}},"line":16},"3":{"name":"(anonymous_3)","decl":{"start":{"line":17,"column":13},"end":{"line":17,"column":14}},"loc":{"start":{"line":17,"column":19},"end":{"line":17,"column":43}},"line":17}},"branchMap":{},"s":{"0":3,"1":3,"2":2,"3":6,"4":1},"f":{"0":3,"1":2,"2":6,"3":1},"b":{},"_coverageSchema":"1a1c01bbd47fc00a2c39e90264f33305004495a9","hash":"84aa187661ebe02bc1b5947247c47094cdaed0a6"}
}
