TN:
SF:src/data/api/api.client.ts
FN:17,setUnauthorizedHandler
FN:26,(anonymous_1)
FN:35,(anonymous_2)
FN:36,(anonymous_3)
FN:44,(anonymous_4)
FNF:5
FNH:2
FNDA:1,setUnauthorizedHandler
FNDA:2,(anonymous_1)
FNDA:0,(anonymous_2)
FNDA:0,(anonymous_3)
FNDA:0,(anonymous_4)
DA:14,20
DA:15,20
DA:18,1
DA:21,20
DA:26,20
DA:27,2
DA:28,2
DA:29,1
DA:31,2
DA:34,20
DA:35,0
DA:37,0
DA:38,0
DA:39,0
DA:42,0
DA:44,0
DA:45,0
DA:46,0
DA:47,0
DA:48,0
DA:49,0
DA:50,0
DA:52,0
DA:53,0
DA:54,0
DA:56,0
DA:60,0
DA:61,0
DA:63,0
DA:64,0
LF:30
LH:10
BRDA:22,0,0,20
BRDA:22,0,1,20
BRDA:28,1,0,1
BRDA:28,1,1,1
BRDA:38,2,0,0
BRDA:38,2,1,0
BRDA:38,3,0,0
BRDA:38,3,1,0
BRDA:38,3,2,0
BRDA:46,4,0,0
BRDA:46,4,1,0
BRDA:61,5,0,0
BRDA:61,5,1,0
BRF:13
BRH:4
end_of_record
TN:
SF:src/data/auth/auth-http.repository.ts
FN:6,(anonymous_0)
FN:34,(anonymous_1)
FN:59,(anonymous_2)
FN:67,(anonymous_3)
FNF:4
FNH:4
FNDA:4,(anonymous_0)
FNDA:3,(anonymous_1)
FNDA:1,(anonymous_2)
FNDA:2,(anonymous_3)
DA:7,4
DA:8,4
DA:17,1
DA:23,3
DA:24,1
DA:26,2
DA:27,1
DA:30,1
DA:35,3
DA:36,3
DA:46,2
DA:52,1
DA:53,0
DA:55,1
DA:60,1
DA:68,2
DA:69,2
DA:72,1
DA:77,1
DA:82,21
LF:20
LH:19
BRDA:23,0,0,1
BRDA:23,0,1,2
BRDA:26,1,0,1
BRDA:26,1,1,1
BRDA:41,2,0,3
BRDA:41,2,1,2
BRDA:52,3,0,0
BRDA:52,3,1,1
BRF:8
BRH:7
end_of_record
TN:
SF:src/data/market/market-http.repository.ts
FN:9,(anonymous_0)
FNF:1
FNH:1
FNDA:2,(anonymous_0)
DA:5,4
DA:6,4
DA:10,2
DA:11,2
DA:12,1
DA:15,1
DA:16,1
DA:17,1
DA:19,1
DA:28,4
LF:10
LH:10
BRF:0
BRH:0
end_of_record
TN:
SF:src/data/storage/storage.service.ts
FN:13,(anonymous_0)
FN:25,(anonymous_1)
FN:35,(anonymous_2)
FNF:3
FNH:3
FNDA:3,(anonymous_0)
FNDA:2,(anonymous_1)
FNDA:4,(anonymous_2)
DA:3,21
DA:5,21
DA:12,21
DA:14,3
DA:16,3
DA:17,0
DA:18,0
DA:22,3
DA:26,2
DA:27,2
DA:28,2
DA:29,0
DA:36,4
DA:37,4
DA:38,4
DA:39,0
LF:16
LH:12
BRDA:18,0,0,0
BRDA:18,0,1,0
BRF:2
BRH:0
end_of_record
TN:
SF:src/data/trade/trade-http.repository.ts
FN:8,(anonymous_0)
FNF:1
FNH:1
FNDA:6,(anonymous_0)
DA:9,6
DA:11,6
DA:12,6
DA:22,2
DA:25,4
DA:27,4
DA:28,2
DA:29,2
DA:30,1
DA:33,1
DA:36,1
DA:38,1
DA:47,1
DA:56,1
DA:58,2
DA:59,2
DA:60,1
DA:63,1
DA:65,1
DA:67,1
DA:76,1
DA:85,1
DA:91,3
LF:23
LH:23
BRDA:9,0,0,3
BRDA:9,0,1,3
BRDA:19,1,0,1
BRDA:19,1,1,5
BRDA:27,2,0,2
BRDA:27,2,1,2
BRDA:29,3,0,1
BRDA:29,3,1,1
BRDA:59,4,0,1
BRDA:59,4,1,1
BRF:10
BRH:10
end_of_record
TN:
SF:src/data/transactions/transactions-http.repository.ts
FN:17,(anonymous_0)
FN:24,(anonymous_1)
FN:29,(anonymous_2)
FNF:3
FNH:2
FNDA:2,(anonymous_0)
FNDA:0,(anonymous_1)
FNDA:1,(anonymous_2)
DA:5,5
DA:18,2
DA:19,2
DA:20,1
DA:23,1
DA:24,0
DA:30,1
DA:34,5
LF:8
LH:7
BRF:0
BRH:0
end_of_record
TN:
SF:src/data/wallet/wallet-http.repository.ts
FN:13,(anonymous_0)
FN:25,(anonymous_1)
FNF:2
FNH:2
FNDA:2,(anonymous_0)
FNDA:1,(anonymous_1)
DA:6,6
DA:14,2
DA:16,2
DA:17,1
DA:20,1
DA:26,1
DA:34,6
LF:7
LH:7
BRF:0
BRH:0
end_of_record
TN:
SF:src/domain/market/queries.ts
FN:6,useBtcPriceQuery
FN:9,(anonymous_1)
FN:11,(anonymous_2)
FNF:3
FNH:3
FNDA:2,useBtcPriceQuery
FNDA:1,(anonymous_1)
FNDA:5,(anonymous_2)
DA:4,3
DA:7,2
DA:9,1
DA:11,5
LF:4
LH:4
BRF:0
BRH:0
end_of_record
TN:
SF:src/domain/trade/queries.ts
FN:7,useExecuteTradeMutation
FN:11,(anonymous_1)
FN:12,(anonymous_2)
FNF:3
FNH:3
FNDA:2,useExecuteTradeMutation
FNDA:1,(anonymous_1)
FNDA:1,(anonymous_2)
DA:8,2
DA:10,2
DA:11,1
DA:14,1
DA:15,1
LF:5
LH:5
BRF:0
BRH:0
end_of_record
TN:
SF:src/domain/transactions/queries.ts
FN:6,useTransactionsQuery
FN:9,(anonymous_1)
FNF:2
FNH:2
FNDA:2,useTransactionsQuery
FNDA:1,(anonymous_1)
DA:4,3
DA:7,2
DA:9,1
LF:3
LH:3
BRF:0
BRH:0
end_of_record
TN:
SF:src/domain/wallet/queries.ts
FN:6,useWalletQuery
FN:9,(anonymous_1)
FNF:2
FNH:2
FNDA:2,useWalletQuery
FNDA:1,(anonymous_1)
DA:4,3
DA:7,2
DA:9,1
LF:3
LH:3
BRF:0
BRH:0
end_of_record
TN:
SF:src/presentation/components/balance-card.tsx
FN:10,BalanceCard
FN:11,(anonymous_1)
FNF:2
FNH:2
FNDA:8,BalanceCard
FNDA:8,(anonymous_1)
DA:11,8
DA:12,8
DA:14,8
DA:37,2
LF:4
LH:4
BRDA:12,0,0,8
BRDA:12,0,1,0
BRDA:22,1,0,0
BRDA:22,1,1,8
BRDA:29,2,0,0
BRDA:29,2,1,8
BRDA:29,3,0,8
BRDA:29,3,1,0
BRF:8
BRH:4
end_of_record
TN:
SF:src/presentation/components/btc-ticker-banner.tsx
FN:10,BtcTickerBanner
FN:12,(anonymous_1)
FNF:2
FNH:2
FNDA:4,BtcTickerBanner
FNDA:4,(anonymous_1)
DA:11,4
DA:12,4
DA:13,4
DA:15,4
DA:38,1
LF:5
LH:5
BRDA:11,0,0,4
BRDA:11,0,1,0
BRDA:13,1,0,4
BRDA:13,1,1,0
BRDA:22,2,0,4
BRDA:22,2,1,0
BRDA:23,3,0,4
BRDA:23,3,1,0
BRDA:24,4,0,4
BRDA:24,4,1,0
BRDA:25,5,0,4
BRDA:25,5,1,0
BRDA:31,6,0,0
BRDA:31,6,1,4
BRF:14
BRH:7
end_of_record
TN:
SF:src/presentation/components/trade-form.tsx
FN:15,TradeForm
FN:38,(anonymous_1)
FN:46,(anonymous_2)
FN:57,(anonymous_3)
FN:67,(anonymous_4)
FNF:5
FNH:4
FNDA:12,TradeForm
FNDA:2,(anonymous_1)
FNDA:1,(anonymous_2)
FNDA:0,(anonymous_3)
FNDA:1,(anonymous_4)
DA:22,12
DA:24,12
DA:25,12
DA:29,12
DA:34,12
DA:38,12
DA:39,2
DA:40,1
DA:42,1
DA:46,12
DA:47,1
DA:48,1
DA:51,12
DA:57,0
DA:67,1
DA:129,2
LF:16
LH:15
BRDA:24,0,0,12
BRDA:24,0,1,9
BRDA:25,1,0,12
BRDA:25,1,1,0
BRDA:29,2,0,9
BRDA:29,2,1,3
BRDA:34,3,0,9
BRDA:34,3,1,3
BRDA:35,4,0,9
BRDA:35,4,1,0
BRDA:36,5,0,3
BRDA:36,5,1,0
BRDA:39,6,0,1
BRDA:39,6,1,1
BRDA:40,7,0,1
BRDA:40,7,1,0
BRDA:42,8,0,1
BRDA:42,8,1,0
BRDA:47,9,0,0
BRDA:47,9,1,1
BRDA:47,10,0,1
BRDA:47,10,1,1
BRDA:56,11,0,12
BRDA:56,11,1,9
BRDA:60,12,0,12
BRDA:60,12,1,9
BRDA:66,13,0,12
BRDA:66,13,1,3
BRDA:70,14,0,12
BRDA:70,14,1,3
BRDA:80,15,0,9
BRDA:80,15,1,3
BRDA:90,16,0,9
BRDA:90,16,1,3
BRDA:105,17,0,1
BRDA:105,17,1,11
BRDA:111,18,0,9
BRDA:111,18,1,3
BRDA:112,19,0,12
BRDA:112,19,1,3
BRDA:112,19,2,9
BRDA:115,20,0,12
BRDA:115,20,1,3
BRDA:117,21,0,0
BRDA:117,21,1,12
BRDA:121,22,0,9
BRDA:121,22,1,3
BRF:47
BRH:40
end_of_record
TN:
SF:src/presentation/components/transaction-item.tsx
FN:9,TransactionItem
FN:18,(anonymous_1)
FNF:2
FNH:2
FNDA:1,TransactionItem
FNDA:2,(anonymous_1)
DA:10,1
DA:11,1
DA:18,1
DA:19,2
DA:21,1
DA:52,1
LF:6
LH:6
BRDA:24,0,0,1
BRDA:24,0,1,0
BRDA:25,1,0,1
BRDA:25,1,1,0
BRDA:26,2,0,1
BRDA:26,2,1,0
BRDA:36,3,0,1
BRDA:36,3,1,0
BRDA:37,4,0,1
BRDA:37,4,1,0
BRDA:42,5,0,1
BRDA:42,5,1,0
BRF:12
BRH:6
end_of_record
TN:
SF:src/presentation/screens/auth/sign-in.screen.tsx
FN:6,SignInScreen
FN:12,(anonymous_1)
FN:14,(anonymous_2)
FN:72,(anonymous_3)
FNF:4
FNH:3
FNDA:10,SignInScreen
FNDA:10,(anonymous_1)
FNDA:3,(anonymous_2)
FNDA:0,(anonymous_3)
DA:7,10
DA:8,10
DA:9,10
DA:10,10
DA:12,10
DA:14,10
DA:15,3
DA:16,1
DA:17,1
DA:19,2
DA:20,2
DA:21,2
DA:22,2
DA:23,1
DA:25,1
DA:27,2
DA:31,10
DA:72,0
DA:80,1
LF:19
LH:18
BRDA:15,0,0,1
BRDA:15,0,1,2
BRDA:15,1,0,3
BRDA:15,1,1,2
BRDA:25,2,0,1
BRDA:25,2,1,0
BRDA:37,3,0,2
BRDA:37,3,1,8
BRDA:65,4,0,0
BRDA:65,4,1,10
BRF:10
BRH:8
end_of_record
TN:
SF:src/presentation/screens/auth/sign-up.screen.tsx
FN:6,SignUpScreen
FN:12,(anonymous_1)
FN:14,(anonymous_2)
FN:72,(anonymous_3)
FNF:4
FNH:4
FNDA:10,SignUpScreen
FNDA:10,(anonymous_1)
FNDA:3,(anonymous_2)
FNDA:1,(anonymous_3)
DA:7,10
DA:8,10
DA:9,10
DA:10,10
DA:12,10
DA:14,10
DA:15,3
DA:16,1
DA:17,1
DA:19,2
DA:20,2
DA:21,2
DA:22,2
DA:23,1
DA:25,1
DA:27,2
DA:31,10
DA:72,1
DA:80,1
LF:19
LH:19
BRDA:15,0,0,1
BRDA:15,0,1,2
BRDA:15,1,0,3
BRDA:15,1,1,2
BRDA:37,2,0,2
BRDA:37,2,1,8
BRDA:65,3,0,0
BRDA:65,3,1,10
BRF:8
BRH:7
end_of_record
TN:
SF:src/presentation/screens/dashboard/dashboard.screen.tsx
FN:10,DashboardScreen
FN:14,(anonymous_1)
FN:15,(anonymous_2)
FN:17,(anonymous_3)
FN:47,(anonymous_4)
FN:55,(anonymous_5)
FNF:6
FNH:6
FNDA:4,DashboardScreen
FNDA:4,(anonymous_1)
FNDA:4,(anonymous_2)
FNDA:1,(anonymous_3)
FNDA:1,(anonymous_4)
FNDA:1,(anonymous_5)
DA:11,4
DA:12,4
DA:14,4
DA:15,4
DA:17,4
DA:18,1
DA:19,1
DA:22,4
DA:47,1
DA:55,1
DA:66,1
LF:11
LH:11
BRDA:28,0,0,4
BRDA:28,0,1,0
BRF:2
BRH:1
end_of_record
TN:
SF:src/presentation/screens/trade/trade.screen.tsx
FN:11,TradeScreen
FN:22,(anonymous_1)
FN:36,(anonymous_2)
FN:44,(anonymous_3)
FN:57,(anonymous_4)
FNF:5
FNH:3
FNDA:5,TradeScreen
FNDA:1,(anonymous_1)
FNDA:0,(anonymous_2)
FNDA:0,(anonymous_3)
FNDA:1,(anonymous_4)
DA:12,5
DA:13,5
DA:14,5
DA:16,5
DA:20,5
DA:22,5
DA:23,1
DA:25,1
DA:26,1
DA:28,1
DA:37,0
DA:38,0
DA:39,0
DA:45,0
DA:54,5
DA:57,1
DA:93,1
LF:17
LH:13
BRDA:25,0,0,1
BRDA:25,0,1,0
BRDA:38,1,0,0
BRDA:38,1,1,0
BRDA:47,2,0,0
BRDA:47,2,1,0
BRDA:65,3,0,0
BRDA:65,3,1,5
BRDA:69,4,0,0
BRDA:69,4,1,0
BRDA:75,5,0,0
BRDA:75,5,1,0
BRF:12
BRH:2
end_of_record
TN:
SF:src/presentation/screens/transactions/transactions.screen.tsx
FN:7,TransactionsScreen
FN:13,(anonymous_1)
FN:26,(anonymous_2)
FN:27,(anonymous_3)
FNF:4
FNH:4
FNDA:3,TransactionsScreen
FNDA:1,(anonymous_1)
FNDA:2,(anonymous_2)
FNDA:1,(anonymous_3)
DA:8,3
DA:10,3
DA:13,1
DA:26,2
DA:27,1
DA:42,1
LF:6
LH:6
BRDA:19,0,0,0
BRDA:19,0,1,3
BRF:2
BRH:1
end_of_record
TN:
SF:src/presentation/stores/auth.store.ts
FN:21,(anonymous_0)
FN:26,(anonymous_1)
FN:40,(anonymous_2)
FN:47,(anonymous_3)
FN:54,(anonymous_4)
FNF:5
FNH:5
FNDA:4,(anonymous_0)
FNDA:2,(anonymous_1)
FNDA:1,(anonymous_2)
FNDA:1,(anonymous_3)
FNDA:1,(anonymous_4)
DA:21,4
DA:27,2
DA:28,2
DA:29,2
DA:30,2
DA:31,1
DA:32,1
DA:34,1
DA:37,1
DA:41,1
DA:42,1
DA:43,1
DA:44,1
DA:48,1
DA:49,1
DA:50,1
DA:51,1
DA:55,1
DA:56,1
LF:19
LH:19
BRDA:28,0,0,2
BRDA:28,0,1,0
BRF:2
BRH:1
end_of_record
TN:
SF:src/presentation/stores/trade.store.ts
FN:12,(anonymous_0)
FN:15,(anonymous_1)
FN:16,(anonymous_2)
FN:17,(anonymous_3)
FNF:4
FNH:4
FNDA:3,(anonymous_0)
FNDA:2,(anonymous_1)
FNDA:6,(anonymous_2)
FNDA:1,(anonymous_3)
DA:12,3
DA:15,2
DA:16,6
DA:17,1
LF:4
LH:4
BRF:0
BRH:0
end_of_record
